2025-09-02T19:59:36.383+05:30  INFO 16888 --- [main] org.example.Main                         : Starting Main using Java 24.0.2 with PID 16888 (C:\Users\agsab\IdeaProjects\testinffame\target\classes started by agsab in C:\Users\agsab\IdeaProjects\testinffame)
2025-09-02T19:59:36.388+05:30  INFO 16888 --- [main] org.example.Main                         : No active profile set, falling back to 1 default profile: "default"
2025-09-02T19:59:37.209+05:30  INFO 16888 --- [main] .s.d.r.c.RepositoryConfigurationDelegate : Bootstrapping Spring Data JPA repositories in DEFAULT mode.
2025-09-02T19:59:37.276+05:30  INFO 16888 --- [main] .s.d.r.c.RepositoryConfigurationDelegate : Finished Spring Data repository scanning in 59 ms. Found 4 JPA repository interfaces.
2025-09-02T19:59:37.885+05:30  INFO 16888 --- [main] o.s.b.w.embedded.tomcat.TomcatWebServer  : Tomcat initialized with port(s): 8080 (http)
2025-09-02T19:59:37.893+05:30  INFO 16888 --- [main] o.apache.catalina.core.StandardService   : Starting service [Tomcat]
2025-09-02T19:59:37.893+05:30  INFO 16888 --- [main] o.apache.catalina.core.StandardEngine    : Starting Servlet engine: [Apache Tomcat/10.1.15]
2025-09-02T19:59:37.995+05:30  INFO 16888 --- [main] o.a.c.c.C.[.[.[/automation-framework]    : Initializing Spring embedded WebApplicationContext
2025-09-02T19:59:37.996+05:30  INFO 16888 --- [main] w.s.c.ServletWebServerApplicationContext : Root WebApplicationContext: initialization completed in 1404 ms
2025-09-02T19:59:38.078+05:30 DEBUG 16888 --- [main] o.s.w.f.ServerHttpObservationFilter      : Filter 'webMvcObservationFilter' configured for use
2025-09-02T19:59:38.163+05:30  INFO 16888 --- [main] o.hibernate.jpa.internal.util.LogHelper  : HHH000204: Processing PersistenceUnitInfo [name: default]
2025-09-02T19:59:38.224+05:30  INFO 16888 --- [main] org.hibernate.Version                    : HHH000412: Hibernate ORM core version 6.2.13.Final
2025-09-02T19:59:38.226+05:30  INFO 16888 --- [main] org.hibernate.cfg.Environment            : HHH000406: Using bytecode reflection optimizer
2025-09-02T19:59:38.442+05:30  INFO 16888 --- [main] o.s.o.j.p.SpringPersistenceUnitInfo      : No LoadTimeWeaver setup: ignoring JPA class transformer
2025-09-02T19:59:38.466+05:30  INFO 16888 --- [main] com.zaxxer.hikari.HikariDataSource       : HikariPool-1 - Starting...
2025-09-02T19:59:38.664+05:30  INFO 16888 --- [main] com.zaxxer.hikari.pool.HikariPool        : HikariPool-1 - Added connection com.mysql.cj.jdbc.ConnectionImpl@21d8da75
2025-09-02T19:59:38.665+05:30  INFO 16888 --- [main] com.zaxxer.hikari.HikariDataSource       : HikariPool-1 - Start completed.
2025-09-02T19:59:38.744+05:30  WARN 16888 --- [main] org.hibernate.orm.deprecation            : HHH90000025: MySQLDialect does not need to be specified explicitly using 'hibernate.dialect' (remove the property setting and it will be selected by default)
2025-09-02T19:59:39.477+05:30  INFO 16888 --- [main] o.h.e.t.j.p.i.JtaPlatformInitiator       : HHH000489: No JTA platform available (set 'hibernate.transaction.jta.platform' to enable JTA platform integration)
2025-09-02T19:59:39.579+05:30  INFO 16888 --- [main] j.LocalContainerEntityManagerFactoryBean : Initialized JPA EntityManagerFactory for persistence unit 'default'
2025-09-02T19:59:39.788+05:30  INFO 16888 --- [main] o.s.d.j.r.query.QueryEnhancerFactory     : Hibernate is in classpath; If applicable, HQL parser will be used.
2025-09-02T19:59:40.221+05:30  INFO 16888 --- [main] org.quartz.impl.StdSchedulerFactory      : Using default implementation for ThreadExecutor
2025-09-02T19:59:40.230+05:30  INFO 16888 --- [main] org.quartz.core.SchedulerSignalerImpl    : Initialized Scheduler Signaller of type: class org.quartz.core.SchedulerSignalerImpl
2025-09-02T19:59:40.230+05:30  INFO 16888 --- [main] org.quartz.core.QuartzScheduler          : Quartz Scheduler v.2.3.2 created.
2025-09-02T19:59:40.231+05:30  INFO 16888 --- [main] org.quartz.simpl.RAMJobStore             : RAMJobStore initialized.
2025-09-02T19:59:40.232+05:30  INFO 16888 --- [main] org.quartz.core.QuartzScheduler          : Scheduler meta-data: Quartz Scheduler (v2.3.2) 'schedulerFactoryBean' with instanceId 'NON_CLUSTERED'
  Scheduler class: 'org.quartz.core.QuartzScheduler' - running locally.
  NOT STARTED.
  Currently in standby mode.
  Number of jobs executed: 0
  Using thread pool 'org.quartz.simpl.SimpleThreadPool' - with 10 threads.
  Using job-store 'org.quartz.simpl.RAMJobStore' - which does not support persistence. and is not clustered.

2025-09-02T19:59:40.232+05:30  INFO 16888 --- [main] org.quartz.impl.StdSchedulerFactory      : Quartz scheduler 'schedulerFactoryBean' initialized from an externally provided properties instance.
2025-09-02T19:59:40.233+05:30  INFO 16888 --- [main] org.quartz.impl.StdSchedulerFactory      : Quartz scheduler version: 2.3.2
2025-09-02T19:59:40.236+05:30  INFO 16888 --- [main] org.quartz.core.QuartzScheduler          : JobFactory set to: org.springframework.scheduling.quartz.AdaptableJobFactory@71cf6e8c
2025-09-02T19:59:40.306+05:30  WARN 16888 --- [main] JpaBaseConfiguration$JpaWebConfiguration : spring.jpa.open-in-view is enabled by default. Therefore, database queries may be performed during view rendering. Explicitly configure spring.jpa.open-in-view to disable this warning
2025-09-02T19:59:40.391+05:30 DEBUG 16888 --- [main] s.w.s.m.m.a.RequestMappingHandlerAdapter : ControllerAdvice beans: 0 @ModelAttribute, 0 @InitBinder, 1 RequestBodyAdvice, 1 ResponseBodyAdvice
2025-09-02T19:59:40.417+05:30  INFO 16888 --- [main] o.s.b.a.w.s.WelcomePageHandlerMapping    : Adding welcome page: class path resource [static/index.html]
2025-09-02T19:59:40.463+05:30 DEBUG 16888 --- [main] s.w.s.m.m.a.RequestMappingHandlerMapping : 34 mappings in 'requestMappingHandlerMapping'
2025-09-02T19:59:40.481+05:30 DEBUG 16888 --- [main] o.s.w.s.handler.SimpleUrlHandlerMapping  : Patterns [/webjars/**, /**] in 'resourceHandlerMapping'
2025-09-02T19:59:40.490+05:30 DEBUG 16888 --- [main] .m.m.a.ExceptionHandlerExceptionResolver : ControllerAdvice beans: 0 @ExceptionHandler, 1 ResponseBodyAdvice
2025-09-02T19:59:40.708+05:30 DEBUG 16888 --- [main] o.s.w.s.v.f.FreeMarkerConfigurer         : File system access not preferred: using SpringTemplateLoader
2025-09-02T19:59:40.719+05:30  WARN 16888 --- [main] o.s.b.a.f.FreeMarkerAutoConfiguration    : Cannot find template location(s): [classpath:/templates/] (please add some templates, check your FreeMarker configuration, or set spring.freemarker.check-template-location=false)
2025-09-02T19:59:40.731+05:30  INFO 16888 --- [main] o.s.b.a.e.web.EndpointLinksResolver      : Exposing 3 endpoint(s) beneath base path '/actuator'
2025-09-02T19:59:40.796+05:30  INFO 16888 --- [main] o.s.b.w.embedded.tomcat.TomcatWebServer  : Tomcat started on port(s): 8080 (http) with context path '/automation-framework'
2025-09-02T19:59:40.798+05:30  INFO 16888 --- [main] o.s.s.quartz.SchedulerFactoryBean        : Starting Quartz Scheduler now
2025-09-02T19:59:40.798+05:30  INFO 16888 --- [main] org.quartz.core.QuartzScheduler          : Scheduler schedulerFactoryBean_$_NON_CLUSTERED started.
2025-09-02T19:59:40.806+05:30  INFO 16888 --- [main] org.example.Main                         : Started Main in 4.773 seconds (process running for 5.136)
2025-09-02T19:59:43.268+05:30  INFO 16888 --- [http-nio-8080-exec-2] o.a.c.c.C.[.[.[/automation-framework]    : Initializing Spring DispatcherServlet 'dispatcherServlet'
2025-09-02T19:59:43.269+05:30  INFO 16888 --- [http-nio-8080-exec-2] o.s.web.servlet.DispatcherServlet        : Initializing Servlet 'dispatcherServlet'
2025-09-02T19:59:43.269+05:30 DEBUG 16888 --- [http-nio-8080-exec-2] o.s.web.servlet.DispatcherServlet        : Detected StandardServletMultipartResolver
2025-09-02T19:59:43.270+05:30 DEBUG 16888 --- [http-nio-8080-exec-2] o.s.web.servlet.DispatcherServlet        : Detected AcceptHeaderLocaleResolver
2025-09-02T19:59:43.270+05:30 DEBUG 16888 --- [http-nio-8080-exec-2] o.s.web.servlet.DispatcherServlet        : Detected FixedThemeResolver
2025-09-02T19:59:43.271+05:30 DEBUG 16888 --- [http-nio-8080-exec-2] o.s.web.servlet.DispatcherServlet        : Detected org.springframework.web.servlet.view.DefaultRequestToViewNameTranslator@2162b22d
2025-09-02T19:59:43.272+05:30 DEBUG 16888 --- [http-nio-8080-exec-2] o.s.web.servlet.DispatcherServlet        : Detected org.springframework.web.servlet.support.SessionFlashMapManager@2d260f2a
2025-09-02T19:59:43.272+05:30 DEBUG 16888 --- [http-nio-8080-exec-2] o.s.web.servlet.DispatcherServlet        : enableLoggingRequestDetails='false': request parameters and headers will be masked to prevent unsafe logging of potentially sensitive data
2025-09-02T19:59:43.273+05:30  INFO 16888 --- [http-nio-8080-exec-2] o.s.web.servlet.DispatcherServlet        : Completed initialization in 4 ms
2025-09-02T19:59:43.288+05:30 DEBUG 16888 --- [http-nio-8080-exec-2] o.s.web.servlet.DispatcherServlet        : GET "/automation-framework/", parameters={}
2025-09-02T19:59:43.305+05:30 DEBUG 16888 --- [http-nio-8080-exec-2] o.s.w.s.v.ContentNegotiatingViewResolver : Selected 'text/html' given [text/html, application/xhtml+xml, image/avif, image/webp, image/apng, application/xml;q=0.9, */*;q=0.8]
2025-09-02T19:59:43.305+05:30 DEBUG 16888 --- [http-nio-8080-exec-2] o.s.w.servlet.view.InternalResourceView  : View name 'forward:', model {}
2025-09-02T19:59:43.307+05:30 DEBUG 16888 --- [http-nio-8080-exec-2] o.s.w.servlet.view.InternalResourceView  : Forwarding to [index.html]
2025-09-02T19:59:43.310+05:30 DEBUG 16888 --- [http-nio-8080-exec-2] o.s.web.servlet.DispatcherServlet        : "FORWARD" dispatch for GET "/automation-framework/index.html", parameters={}
2025-09-02T19:59:43.311+05:30 DEBUG 16888 --- [http-nio-8080-exec-2] o.s.w.s.handler.SimpleUrlHandlerMapping  : Mapped to ResourceHttpRequestHandler [classpath [META-INF/resources/], classpath [resources/], classpath [static/], classpath [public/], ServletContext [/]]
2025-09-02T19:59:43.317+05:30 DEBUG 16888 --- [http-nio-8080-exec-2] o.s.web.servlet.DispatcherServlet        : Exiting from "FORWARD" dispatch, status 304
2025-09-02T19:59:43.318+05:30 DEBUG 16888 --- [http-nio-8080-exec-2] o.s.web.servlet.DispatcherServlet        : Completed 304 NOT_MODIFIED
2025-09-02T19:59:43.435+05:30 DEBUG 16888 --- [http-nio-8080-exec-4] o.s.web.servlet.DispatcherServlet        : GET "/automation-framework/styles.css", parameters={}
2025-09-02T19:59:43.436+05:30 DEBUG 16888 --- [http-nio-8080-exec-4] o.s.w.s.handler.SimpleUrlHandlerMapping  : Mapped to ResourceHttpRequestHandler [classpath [META-INF/resources/], classpath [resources/], classpath [static/], classpath [public/], ServletContext [/]]
2025-09-02T19:59:43.437+05:30 DEBUG 16888 --- [http-nio-8080-exec-5] o.s.web.servlet.DispatcherServlet        : GET "/automation-framework/script.js", parameters={}
2025-09-02T19:59:43.437+05:30 DEBUG 16888 --- [http-nio-8080-exec-5] o.s.w.s.handler.SimpleUrlHandlerMapping  : Mapped to ResourceHttpRequestHandler [classpath [META-INF/resources/], classpath [resources/], classpath [static/], classpath [public/], ServletContext [/]]
2025-09-02T19:59:43.438+05:30 DEBUG 16888 --- [http-nio-8080-exec-4] o.s.web.servlet.DispatcherServlet        : Completed 304 NOT_MODIFIED
2025-09-02T19:59:43.439+05:30 DEBUG 16888 --- [http-nio-8080-exec-5] o.s.web.servlet.DispatcherServlet        : Completed 304 NOT_MODIFIED
2025-09-02T19:59:44.793+05:30 DEBUG 16888 --- [http-nio-8080-exec-1] o.s.web.servlet.DispatcherServlet        : GET "/automation-framework/api/testcases", parameters={}
2025-09-02T19:59:44.794+05:30 DEBUG 16888 --- [http-nio-8080-exec-8] o.s.web.servlet.DispatcherServlet        : GET "/automation-framework/api/schedules/active", parameters={}
2025-09-02T19:59:44.795+05:30 DEBUG 16888 --- [http-nio-8080-exec-3] o.s.web.servlet.DispatcherServlet        : GET "/automation-framework/api/execution/batches", parameters={}
2025-09-02T19:59:44.796+05:30 DEBUG 16888 --- [http-nio-8080-exec-6] o.s.web.servlet.DispatcherServlet        : GET "/automation-framework/api/execution/batches/recent?limit=20", parameters={masked}
2025-09-02T19:59:44.797+05:30 DEBUG 16888 --- [http-nio-8080-exec-1] s.w.s.m.m.a.RequestMappingHandlerMapping : Mapped to org.example.controller.TestCaseController#getAllTestCases()
2025-09-02T19:59:44.797+05:30 DEBUG 16888 --- [http-nio-8080-exec-3] s.w.s.m.m.a.RequestMappingHandlerMapping : Mapped to org.example.controller.TestExecutionController#getAllBatches()
2025-09-02T19:59:44.798+05:30 DEBUG 16888 --- [http-nio-8080-exec-6] s.w.s.m.m.a.RequestMappingHandlerMapping : Mapped to org.example.controller.TestExecutionController#getRecentBatches(int, int)
2025-09-02T19:59:44.798+05:30 DEBUG 16888 --- [http-nio-8080-exec-8] s.w.s.m.m.a.RequestMappingHandlerMapping : Mapped to org.example.controller.ScheduleController#getActiveSchedules()
2025-09-02T19:59:44.915+05:30 DEBUG 16888 --- [http-nio-8080-exec-6] o.s.w.s.m.m.a.HttpEntityMethodProcessor  : Using 'application/json', given [*/*] and supported [application/json, application/*+json]
2025-09-02T19:59:44.915+05:30 DEBUG 16888 --- [http-nio-8080-exec-1] o.s.w.s.m.m.a.HttpEntityMethodProcessor  : Using 'application/json', given [*/*] and supported [application/json, application/*+json]
2025-09-02T19:59:44.915+05:30 DEBUG 16888 --- [http-nio-8080-exec-8] o.s.w.s.m.m.a.HttpEntityMethodProcessor  : Using 'application/json', given [*/*] and supported [application/json, application/*+json]
2025-09-02T19:59:44.915+05:30 DEBUG 16888 --- [http-nio-8080-exec-3] o.s.w.s.m.m.a.HttpEntityMethodProcessor  : Using 'application/json', given [*/*] and supported [application/json, application/*+json]
2025-09-02T19:59:44.916+05:30 DEBUG 16888 --- [http-nio-8080-exec-8] o.s.w.s.m.m.a.HttpEntityMethodProcessor  : Writing [[]]
2025-09-02T19:59:44.918+05:30 DEBUG 16888 --- [http-nio-8080-exec-1] o.s.w.s.m.m.a.HttpEntityMethodProcessor  : Writing [[TestCase(id=1, name=Create Order API Test (edited), description=Validate that a new order can be cr (truncated)...]
2025-09-02T19:59:44.932+05:30 DEBUG 16888 --- [http-nio-8080-exec-8] o.s.web.servlet.DispatcherServlet        : Completed 200 OK
2025-09-02T19:59:44.941+05:30 DEBUG 16888 --- [http-nio-8080-exec-6] o.s.w.s.m.m.a.HttpEntityMethodProcessor  : Writing [[TestBatch(id=4, batchName=Batch__2025-08-30T18:29:17.395538500, batchId=a6710329-aa67-460d-957c-306 (truncated)...]
2025-09-02T19:59:44.941+05:30 DEBUG 16888 --- [http-nio-8080-exec-3] o.s.w.s.m.m.a.HttpEntityMethodProcessor  : Writing [[TestBatch(id=4, batchName=Batch__2025-08-30T18:29:17.395538500, batchId=a6710329-aa67-460d-957c-306 (truncated)...]
2025-09-02T19:59:44.963+05:30 DEBUG 16888 --- [http-nio-8080-exec-1] o.s.web.servlet.DispatcherServlet        : Completed 200 OK
2025-09-02T19:59:44.964+05:30 DEBUG 16888 --- [http-nio-8080-exec-9] o.s.web.servlet.DispatcherServlet        : GET "/automation-framework/api/testcases", parameters={}
2025-09-02T19:59:44.965+05:30 DEBUG 16888 --- [http-nio-8080-exec-9] s.w.s.m.m.a.RequestMappingHandlerMapping : Mapped to org.example.controller.TestCaseController#getAllTestCases()
2025-09-02T19:59:44.967+05:30 DEBUG 16888 --- [http-nio-8080-exec-3] o.s.web.servlet.DispatcherServlet        : Completed 200 OK
2025-09-02T19:59:44.967+05:30 DEBUG 16888 --- [http-nio-8080-exec-6] o.s.web.servlet.DispatcherServlet        : Completed 200 OK
2025-09-02T19:59:44.969+05:30 DEBUG 16888 --- [http-nio-8080-exec-9] o.s.w.s.m.m.a.HttpEntityMethodProcessor  : Using 'application/json', given [*/*] and supported [application/json, application/*+json]
2025-09-02T19:59:44.969+05:30 DEBUG 16888 --- [http-nio-8080-exec-9] o.s.w.s.m.m.a.HttpEntityMethodProcessor  : Writing [[TestCase(id=1, name=Create Order API Test (edited), description=Validate that a new order can be cr (truncated)...]
2025-09-02T19:59:44.970+05:30 DEBUG 16888 --- [http-nio-8080-exec-9] o.s.web.servlet.DispatcherServlet        : Completed 200 OK
2025-09-02T19:59:50.947+05:30 DEBUG 16888 --- [http-nio-8080-exec-10] o.s.web.servlet.DispatcherServlet        : GET "/automation-framework/api/testcases", parameters={}
2025-09-02T19:59:50.948+05:30 DEBUG 16888 --- [http-nio-8080-exec-10] s.w.s.m.m.a.RequestMappingHandlerMapping : Mapped to org.example.controller.TestCaseController#getAllTestCases()
2025-09-02T19:59:50.954+05:30 DEBUG 16888 --- [http-nio-8080-exec-10] o.s.w.s.m.m.a.HttpEntityMethodProcessor  : Using 'application/json', given [*/*] and supported [application/json, application/*+json]
2025-09-02T19:59:50.954+05:30 DEBUG 16888 --- [http-nio-8080-exec-10] o.s.w.s.m.m.a.HttpEntityMethodProcessor  : Writing [[TestCase(id=1, name=Create Order API Test (edited), description=Validate that a new order can be cr (truncated)...]
2025-09-02T19:59:50.957+05:30 DEBUG 16888 --- [http-nio-8080-exec-10] o.s.web.servlet.DispatcherServlet        : Completed 200 OK
2025-09-02T19:59:54.570+05:30 DEBUG 16888 --- [http-nio-8080-exec-2] o.s.web.servlet.DispatcherServlet        : GET "/automation-framework/api/execution/batches", parameters={}
2025-09-02T19:59:54.570+05:30 DEBUG 16888 --- [http-nio-8080-exec-2] s.w.s.m.m.a.RequestMappingHandlerMapping : Mapped to org.example.controller.TestExecutionController#getAllBatches()
2025-09-02T19:59:54.575+05:30 DEBUG 16888 --- [http-nio-8080-exec-2] o.s.w.s.m.m.a.HttpEntityMethodProcessor  : Using 'application/json', given [*/*] and supported [application/json, application/*+json]
2025-09-02T19:59:54.580+05:30 DEBUG 16888 --- [http-nio-8080-exec-2] o.s.w.s.m.m.a.HttpEntityMethodProcessor  : Writing [[TestBatch(id=4, batchName=Batch__2025-08-30T18:29:17.395538500, batchId=a6710329-aa67-460d-957c-306 (truncated)...]
2025-09-02T19:59:54.581+05:30 DEBUG 16888 --- [http-nio-8080-exec-2] o.s.web.servlet.DispatcherServlet        : Completed 200 OK
2025-09-02T20:00:01.371+05:30 DEBUG 16888 --- [http-nio-8080-exec-4] o.s.web.servlet.DispatcherServlet        : GET "/automation-framework/api/schedules", parameters={}
2025-09-02T20:00:01.372+05:30 DEBUG 16888 --- [http-nio-8080-exec-4] s.w.s.m.m.a.RequestMappingHandlerMapping : Mapped to org.example.controller.ScheduleController#getAllSchedules()
2025-09-02T20:00:01.397+05:30 DEBUG 16888 --- [http-nio-8080-exec-4] o.s.w.s.m.m.a.HttpEntityMethodProcessor  : Using 'application/json', given [*/*] and supported [application/json, application/*+json]
2025-09-02T20:00:01.399+05:30 DEBUG 16888 --- [http-nio-8080-exec-4] o.s.w.s.m.m.a.HttpEntityMethodProcessor  : Writing [[TestSchedule(id=1, scheduleName=Daily Regression Run, cronExpression=*/5 * * * * ?, testSuite=Regre (truncated)...]
2025-09-02T20:00:01.403+05:30 DEBUG 16888 --- [http-nio-8080-exec-4] o.s.web.servlet.DispatcherServlet        : Completed 200 OK
2025-09-02T20:00:03.226+05:30 DEBUG 16888 --- [http-nio-8080-exec-5] o.s.web.servlet.DispatcherServlet        : GET "/automation-framework/api/reports/list", parameters={}
2025-09-02T20:00:03.227+05:30 DEBUG 16888 --- [http-nio-8080-exec-5] s.w.s.m.m.a.RequestMappingHandlerMapping : Mapped to org.example.controller.ReportController#listReports()
2025-09-02T20:00:03.231+05:30 DEBUG 16888 --- [http-nio-8080-exec-5] o.s.w.s.m.m.a.HttpEntityMethodProcessor  : Using 'application/json', given [*/*] and supported [application/json, application/*+json]
2025-09-02T20:00:03.232+05:30 DEBUG 16888 --- [http-nio-8080-exec-5] o.s.w.s.m.m.a.HttpEntityMethodProcessor  : Writing [[org.example.controller.ReportController$ReportInfo@41ccc95c, org.example.controller.ReportControlle (truncated)...]
2025-09-02T20:00:03.239+05:30 DEBUG 16888 --- [http-nio-8080-exec-5] o.s.web.servlet.DispatcherServlet        : Completed 200 OK
2025-09-02T20:00:05.626+05:30 DEBUG 16888 --- [http-nio-8080-exec-8] o.s.web.servlet.DispatcherServlet        : GET "/automation-framework/api/reports/view/TestReport_a6710329-aa67-460d-957c-306469e8e723_2025-08-30_18-29-17.csv", parameters={}
2025-09-02T20:00:05.628+05:30 DEBUG 16888 --- [http-nio-8080-exec-8] s.w.s.m.m.a.RequestMappingHandlerMapping : Mapped to org.example.controller.ReportController#viewReport(String)
2025-09-02T20:00:05.647+05:30 DEBUG 16888 --- [http-nio-8080-exec-8] o.s.w.s.m.m.a.HttpEntityMethodProcessor  : Found 'Content-Type:application/vnd.ms-excel' in response
2025-09-02T20:00:05.648+05:30 DEBUG 16888 --- [http-nio-8080-exec-8] o.s.w.s.m.m.a.HttpEntityMethodProcessor  : Writing [file [C:\Users\agsab\IdeaProjects\testinffame\test-reports\TestReport_a6710329-aa67-460d-957c-306469 (truncated)...]
2025-09-02T20:00:05.652+05:30 DEBUG 16888 --- [http-nio-8080-exec-8] o.s.web.servlet.DispatcherServlet        : Completed 200 OK
2025-09-02T20:00:11.017+05:30 DEBUG 16888 --- [http-nio-8080-exec-1] o.s.web.servlet.DispatcherServlet        : GET "/automation-framework/api/reports/view/TestReport_a6710329-aa67-460d-957c-306469e8e723_2025-08-30_18-29-17.html", parameters={}
2025-09-02T20:00:11.019+05:30 DEBUG 16888 --- [http-nio-8080-exec-1] s.w.s.m.m.a.RequestMappingHandlerMapping : Mapped to org.example.controller.ReportController#viewReport(String)
2025-09-02T20:00:11.021+05:30 DEBUG 16888 --- [http-nio-8080-exec-1] o.s.w.s.m.m.a.HttpEntityMethodProcessor  : Found 'Content-Type:text/html' in response
2025-09-02T20:00:11.022+05:30 DEBUG 16888 --- [http-nio-8080-exec-1] o.s.w.s.m.m.a.HttpEntityMethodProcessor  : Writing [file [C:\Users\agsab\IdeaProjects\testinffame\test-reports\TestReport_a6710329-aa67-460d-957c-306469 (truncated)...]
2025-09-02T20:00:11.026+05:30 DEBUG 16888 --- [http-nio-8080-exec-1] o.s.web.servlet.DispatcherServlet        : Completed 200 OK
